# JRE version: OpenJDK Runtime Environment (21.0.9) (build 21.0.9+-14787801-b1163.94)
# Java VM: OpenJDK 64-Bit Server VM (21.0.9+-14787801-b1163.94, mixed mode, tiered, compressed oops, compressed class ptrs, g1 gc, windows-amd64)
GC Precious Log:
 CardTable entry size: 512
 Card Set container configuration: InlinePtr #cards 5 size 8 Array Of Cards #cards 12 size 40 Howl #buckets 4 coarsen threshold 1843 Howl Bitmap #cards 512 size 80 coarsen threshold 460 Card regions per heap region 1 cards per card region 2048
 CPUs: 16 total, 16 available
 Memory: 15773M
 Large Page Support: Disabled
 NUMA Support: Disabled
 Compressed Oops: Enabled (32-bit)
 Heap Region Size: 1M
 Heap Min Capacity: 8M
 Heap Initial Capacity: 248M
 Heap Max Capacity: 2G
 Pre-touch: Disabled
 Parallel Workers: 13
 Concurrent Workers: 3
 Concurrent Refinement Workers: 13
 Periodic GC: Disabled
Heap:
 garbage-first heap   total 254976K, used 152752K [0x0000000080000000, 0x0000000100000000)
  region size 1024K, 16 young (16384K), 10 survivors (10240K)
 Metaspace       used 121635K, committed 123968K, reserved 1179648K
  class space    used 17127K, committed 18240K, reserved 1048576K
GC Heap History (20 events):
Event: 19.083 GC heap after
{Heap after GC invocations=50 (full 0):
 garbage-first heap   total 209920K, used 133482K [0x0000000080000000, 0x0000000100000000)
  region size 1024K, 3 young (3072K), 3 survivors (3072K)
 Metaspace       used 105265K, committed 107392K, reserved 1179648K
  class space    used 14609K, committed 15616K, reserved 1048576K
}
Event: 21.836 GC heap before
{Heap before GC invocations=50 (full 0):
 garbage-first heap   total 209920K, used 196970K [0x0000000080000000, 0x0000000100000000)
  region size 1024K, 66 young (67584K), 3 survivors (3072K)
 Metaspace       used 108819K, committed 111040K, reserved 1179648K
  class space    used 15107K, committed 16192K, reserved 1048576K
}
Event: 21.840 GC heap after
{Heap after GC invocations=51 (full 0):
 garbage-first heap   total 209920K, used 135711K [0x0000000080000000, 0x0000000100000000)
  region size 1024K, 5 young (5120K), 5 survivors (5120K)
 Metaspace       used 108819K, committed 111040K, reserved 1179648K
  class space    used 15107K, committed 16192K, reserved 1048576K
}
Event: 23.437 GC heap before
{Heap before GC invocations=52 (full 0):
 garbage-first heap   total 227328K, used 197151K [0x0000000080000000, 0x0000000100000000)
  region size 1024K, 65 young (66560K), 5 survivors (5120K)
 Metaspace       used 112815K, committed 115008K, reserved 1179648K
  class space    used 15829K, committed 16896K, reserved 1048576K
}
Event: 23.441 GC heap after
{Heap after GC invocations=53 (full 0):
 garbage-first heap   total 227328K, used 137743K [0x0000000080000000, 0x0000000100000000)
  region size 1024K, 5 young (5120K), 5 survivors (5120K)
 Metaspace       used 112815K, committed 115008K, reserved 1179648K
  class space    used 15829K, committed 16896K, reserved 1048576K
}
Event: 24.473 GC heap before
{Heap before GC invocations=53 (full 0):
 garbage-first heap   total 227328K, used 216591K [0x0000000080000000, 0x0000000100000000)
  region size 1024K, 80 young (81920K), 5 survivors (5120K)
 Metaspace       used 119037K, committed 121344K, reserved 1179648K
  class space    used 16795K, committed 17920K, reserved 1048576K
}
Event: 24.478 GC heap after
{Heap after GC invocations=54 (full 0):
 garbage-first heap   total 227328K, used 142659K [0x0000000080000000, 0x0000000100000000)
  region size 1024K, 8 young (8192K), 8 survivors (8192K)
 Metaspace       used 119037K, committed 121344K, reserved 1179648K
  class space    used 16795K, committed 17920K, reserved 1048576K
}
Event: 24.816 GC heap before
{Heap before GC invocations=54 (full 0):
 garbage-first heap   total 227328K, used 160067K [0x0000000080000000, 0x0000000100000000)
  region size 1024K, 27 young (27648K), 8 survivors (8192K)
 Metaspace       used 121575K, committed 123904K, reserved 1179648K
  class space    used 17125K, committed 18240K, reserved 1048576K
}
Event: 24.820 GC heap after
{Heap after GC invocations=55 (full 0):
 garbage-first heap   total 227328K, used 143415K [0x0000000080000000, 0x0000000100000000)
  region size 1024K, 6 young (6144K), 6 survivors (6144K)
 Metaspace       used 121575K, committed 123904K, reserved 1179648K
  class space    used 17125K, committed 18240K, reserved 1048576K
}
Event: 28.824 GC heap before
{Heap before GC invocations=56 (full 0):
 garbage-first heap   total 252928K, used 220215K [0x0000000080000000, 0x0000000100000000)
  region size 1024K, 74 young (75776K), 6 survivors (6144K)
 Metaspace       used 121607K, committed 123904K, reserved 1179648K
  class space    used 17125K, committed 18240K, reserved 1048576K
}
Event: 28.828 GC heap after
{Heap after GC invocations=57 (full 0):
 garbage-first heap   total 252928K, used 152310K [0x0000000080000000, 0x0000000100000000)
  region size 1024K, 6 young (6144K), 6 survivors (6144K)
 Metaspace       used 121607K, committed 123904K, reserved 1179648K
  class space    used 17125K, committed 18240K, reserved 1048576K
}
Event: 32.099 GC heap before
{Heap before GC invocations=57 (full 0):
 garbage-first heap   total 252928K, used 234230K [0x0000000080000000, 0x0000000100000000)
  region size 1024K, 86 young (88064K), 6 survivors (6144K)
 Metaspace       used 121611K, committed 123904K, reserved 1179648K
  class space    used 17125K, committed 18240K, reserved 1048576K
}
Event: 32.103 GC heap after
{Heap after GC invocations=58 (full 0):
 garbage-first heap   total 252928K, used 151673K [0x0000000080000000, 0x0000000100000000)
  region size 1024K, 6 young (6144K), 6 survivors (6144K)
 Metaspace       used 121611K, committed 123904K, reserved 1179648K
  class space    used 17125K, committed 18240K, reserved 1048576K
}
Event: 35.517 GC heap before
{Heap before GC invocations=58 (full 0):
 garbage-first heap   total 252928K, used 235641K [0x0000000080000000, 0x0000000100000000)
  region size 1024K, 88 young (90112K), 6 survivors (6144K)
 Metaspace       used 121612K, committed 123904K, reserved 1179648K
  class space    used 17125K, committed 18240K, reserved 1048576K
}
Event: 35.521 GC heap after
{Heap after GC invocations=59 (full 0):
 garbage-first heap   total 252928K, used 151760K [0x0000000080000000, 0x0000000100000000)
  region size 1024K, 6 young (6144K), 6 survivors (6144K)
 Metaspace       used 121612K, committed 123904K, reserved 1179648K
  class space    used 17125K, committed 18240K, reserved 1048576K
}
Event: 40.432 GC heap before
{Heap before GC invocations=60 (full 0):
 garbage-first heap   total 254976K, used 237776K [0x0000000080000000, 0x0000000100000000)
  region size 1024K, 90 young (92160K), 6 survivors (6144K)
 Metaspace       used 121612K, committed 123904K, reserved 1179648K
  class space    used 17125K, committed 18240K, reserved 1048576K
}
Event: 40.435 GC heap after
{Heap after GC invocations=61 (full 0):
 garbage-first heap   total 254976K, used 151630K [0x0000000080000000, 0x0000000100000000)
  region size 1024K, 6 young (6144K), 6 survivors (6144K)
 Metaspace       used 121612K, committed 123904K, reserved 1179648K
  class space    used 17125K, committed 18240K, reserved 1048576K
}
Event: 43.058 GC heap before
{Heap before GC invocations=61 (full 0):
 garbage-first heap   total 254976K, used 239694K [0x0000000080000000, 0x0000000100000000)
  region size 1024K, 93 young (95232K), 6 survivors (6144K)
 Metaspace       used 121633K, committed 123968K, reserved 1179648K
  class space    used 17127K, committed 18240K, reserved 1048576K
}
Event: 43.063 GC heap after
{Heap after GC invocations=62 (full 0):
 garbage-first heap   total 254976K, used 144039K [0x0000000080000000, 0x0000000100000000)
  region size 1024K, 6 young (6144K), 6 survivors (6144K)
 Metaspace       used 121633K, committed 123968K, reserved 1179648K
  class space    used 17127K, committed 18240K, reserved 1048576K
}
Event: 44.359 GC heap before
{Heap before GC invocations=62 (full 0):
 garbage-first heap   total 254976K, used 240295K [0x0000000080000000, 0x0000000100000000)
  region size 1024K, 100 young (102400K), 6 survivors (6144K)
 Metaspace       used 121633K, committed 123968K, reserved 1179648K
  class space    used 17127K, committed 18240K, reserved 1048576K
}

