# JRE version: OpenJDK Runtime Environment (21.0.10) (build 21.0.10+-14961533-b1163.108)
# Java VM: OpenJDK 64-Bit Server VM (21.0.10+-14961533-b1163.108, mixed mode, tiered, compressed oops, compressed class ptrs, g1 gc, windows-amd64)
GC Precious Log:
 CardTable entry size: 512
 Card Set container configuration: InlinePtr #cards 5 size 8 Array Of Cards #cards 12 size 40 Howl #buckets 4 coarsen threshold 1843 Howl Bitmap #cards 512 size 80 coarsen threshold 460 Card regions per heap region 1 cards per card region 2048
 CPUs: 16 total, 16 available
 Memory: 15773M
 Large Page Support: Disabled
 NUMA Support: Disabled
 Compressed Oops: Enabled (32-bit)
 Heap Region Size: 1M
 Heap Min Capacity: 8M
 Heap Initial Capacity: 248M
 Heap Max Capacity: 2G
 Pre-touch: Disabled
 Parallel Workers: 13
 Concurrent Workers: 3
 Concurrent Refinement Workers: 13
 Periodic GC: Disabled
Heap:
 garbage-first heap   total 150528K, used 76820K [0x0000000080000000, 0x0000000100000000)
  region size 1024K, 11 young (11264K), 4 survivors (4096K)
 Metaspace       used 65353K, committed 67008K, reserved 1114112K
  class space    used 9259K, committed 10048K, reserved 1048576K
GC Heap History (20 events):
Event: 2.960 GC heap after
{Heap after GC invocations=12 (full 0):
 garbage-first heap   total 103424K, used 54409K [0x0000000080000000, 0x0000000100000000)
  region size 1024K, 3 young (3072K), 3 survivors (3072K)
 Metaspace       used 42096K, committed 43072K, reserved 1114112K
  class space    used 5748K, committed 6208K, reserved 1048576K
}
Event: 3.141 GC heap before
{Heap before GC invocations=12 (full 0):
 garbage-first heap   total 103424K, used 77961K [0x0000000080000000, 0x0000000100000000)
  region size 1024K, 26 young (26624K), 3 survivors (3072K)
 Metaspace       used 44927K, committed 46080K, reserved 1114112K
  class space    used 6259K, committed 6848K, reserved 1048576K
}
Event: 3.143 GC heap after
{Heap after GC invocations=13 (full 0):
 garbage-first heap   total 103424K, used 54631K [0x0000000080000000, 0x0000000100000000)
  region size 1024K, 2 young (2048K), 2 survivors (2048K)
 Metaspace       used 44927K, committed 46080K, reserved 1114112K
  class space    used 6259K, committed 6848K, reserved 1048576K
}
Event: 3.309 GC heap before
{Heap before GC invocations=13 (full 0):
 garbage-first heap   total 103424K, used 79207K [0x0000000080000000, 0x0000000100000000)
  region size 1024K, 27 young (27648K), 2 survivors (2048K)
 Metaspace       used 48883K, committed 50176K, reserved 1114112K
  class space    used 6803K, committed 7488K, reserved 1048576K
}
Event: 3.311 GC heap after
{Heap after GC invocations=14 (full 0):
 garbage-first heap   total 103424K, used 55966K [0x0000000080000000, 0x0000000100000000)
  region size 1024K, 3 young (3072K), 3 survivors (3072K)
 Metaspace       used 48883K, committed 50176K, reserved 1114112K
  class space    used 6803K, committed 7488K, reserved 1048576K
}
Event: 3.432 GC heap before
{Heap before GC invocations=15 (full 0):
 garbage-first heap   total 103424K, used 81566K [0x0000000080000000, 0x0000000100000000)
  region size 1024K, 29 young (29696K), 3 survivors (3072K)
 Metaspace       used 50309K, committed 51584K, reserved 1114112K
  class space    used 6979K, committed 7616K, reserved 1048576K
}
Event: 3.435 GC heap after
{Heap after GC invocations=16 (full 0):
 garbage-first heap   total 103424K, used 58146K [0x0000000080000000, 0x0000000100000000)
  region size 1024K, 4 young (4096K), 4 survivors (4096K)
 Metaspace       used 50309K, committed 51584K, reserved 1114112K
  class space    used 6979K, committed 7616K, reserved 1048576K
}
Event: 3.697 GC heap before
{Heap before GC invocations=16 (full 0):
 garbage-first heap   total 103424K, used 83746K [0x0000000080000000, 0x0000000100000000)
  region size 1024K, 30 young (30720K), 4 survivors (4096K)
 Metaspace       used 53488K, committed 54848K, reserved 1114112K
  class space    used 7520K, committed 8192K, reserved 1048576K
}
Event: 3.700 GC heap after
{Heap after GC invocations=17 (full 0):
 garbage-first heap   total 124928K, used 58994K [0x0000000080000000, 0x0000000100000000)
  region size 1024K, 2 young (2048K), 2 survivors (2048K)
 Metaspace       used 53488K, committed 54848K, reserved 1114112K
  class space    used 7520K, committed 8192K, reserved 1048576K
}
Event: 4.066 GC heap before
{Heap before GC invocations=17 (full 0):
 garbage-first heap   total 124928K, used 98930K [0x0000000080000000, 0x0000000100000000)
  region size 1024K, 41 young (41984K), 2 survivors (2048K)
 Metaspace       used 59486K, committed 60864K, reserved 1114112K
  class space    used 8294K, committed 8960K, reserved 1048576K
}
Event: 4.069 GC heap after
{Heap after GC invocations=18 (full 0):
 garbage-first heap   total 124928K, used 62763K [0x0000000080000000, 0x0000000100000000)
  region size 1024K, 6 young (6144K), 6 survivors (6144K)
 Metaspace       used 59486K, committed 60864K, reserved 1114112K
  class space    used 8294K, committed 8960K, reserved 1048576K
}
Event: 4.360 GC heap before
{Heap before GC invocations=19 (full 0):
 garbage-first heap   total 124928K, used 102699K [0x0000000080000000, 0x0000000100000000)
  region size 1024K, 45 young (46080K), 6 survivors (6144K)
 Metaspace       used 61666K, committed 63168K, reserved 1114112K
  class space    used 8628K, committed 9344K, reserved 1048576K
}
Event: 4.363 GC heap after
{Heap after GC invocations=20 (full 0):
 garbage-first heap   total 124928K, used 65086K [0x0000000080000000, 0x0000000100000000)
  region size 1024K, 3 young (3072K), 3 survivors (3072K)
 Metaspace       used 61666K, committed 63168K, reserved 1114112K
  class space    used 8628K, committed 9344K, reserved 1048576K
}
Event: 4.632 GC heap before
{Heap before GC invocations=20 (full 0):
 garbage-first heap   total 124928K, used 105022K [0x0000000080000000, 0x0000000100000000)
  region size 1024K, 42 young (43008K), 3 survivors (3072K)
 Metaspace       used 65016K, committed 66624K, reserved 1114112K
  class space    used 9201K, committed 9984K, reserved 1048576K
}
Event: 4.635 GC heap after
{Heap after GC invocations=21 (full 0):
 garbage-first heap   total 124928K, used 67114K [0x0000000080000000, 0x0000000100000000)
  region size 1024K, 5 young (5120K), 5 survivors (5120K)
 Metaspace       used 65016K, committed 66624K, reserved 1114112K
  class space    used 9201K, committed 9984K, reserved 1048576K
}
Event: 4.660 GC heap before
{Heap before GC invocations=21 (full 0):
 garbage-first heap   total 124928K, used 74282K [0x0000000080000000, 0x0000000100000000)
  region size 1024K, 14 young (14336K), 5 survivors (5120K)
 Metaspace       used 65127K, committed 66688K, reserved 1114112K
  class space    used 9214K, committed 9984K, reserved 1048576K
}
Event: 4.662 GC heap after
{Heap after GC invocations=22 (full 0):
 garbage-first heap   total 124928K, used 67741K [0x0000000080000000, 0x0000000100000000)
  region size 1024K, 3 young (3072K), 3 survivors (3072K)
 Metaspace       used 65127K, committed 66688K, reserved 1114112K
  class space    used 9214K, committed 9984K, reserved 1048576K
}
Event: 4.758 GC heap before
{Heap before GC invocations=23 (full 0):
 garbage-first heap   total 124928K, used 110749K [0x0000000080000000, 0x0000000100000000)
  region size 1024K, 44 young (45056K), 3 survivors (3072K)
 Metaspace       used 65163K, committed 66752K, reserved 1114112K
  class space    used 9223K, committed 9984K, reserved 1048576K
}
Event: 4.762 GC heap after
{Heap after GC invocations=24 (full 0):
 garbage-first heap   total 124928K, used 69223K [0x0000000080000000, 0x0000000100000000)
  region size 1024K, 4 young (4096K), 4 survivors (4096K)
 Metaspace       used 65163K, committed 66752K, reserved 1114112K
  class space    used 9223K, committed 9984K, reserved 1048576K
}
Event: 4.963 GC heap before
{Heap before GC invocations=24 (full 0):
 garbage-first heap   total 124928K, used 111207K [0x0000000080000000, 0x0000000100000000)
  region size 1024K, 46 young (47104K), 4 survivors (4096K)
 Metaspace       used 65325K, committed 66944K, reserved 1114112K
  class space    used 9259K, committed 10048K, reserved 1048576K
}

